2026-03-04T19:13:32.904403Z  INFO telemetry: job_telemetry_init artifact_type=installed branch=602090a271c ci_number=20260223.1 ci_name=CommonRuntime-RuntimeTeam-Linux-Prod-Build build_time=2026-02-23 21:54:54.569784
2026-03-04T19:13:32.904646Z  INFO run_execution_wrapper: execution_wrapper: Writing HWLOC_COMPONENTS=-gl to /etc/environment
2026-03-04T19:13:32.905238Z  WARN run_execution_wrapper: execution_wrapper: Failed to execute sudo command: No such file or directory (os error 2)
2026-03-04T19:13:32.905277Z  INFO run_execution_wrapper: execution_wrapper: Set HWLOC_COMPONENTS=-gl in current process environment
2026-03-04T19:13:32.906854Z  INFO run_execution_wrapper: execution_wrapper: Successfully dumped bootstrapping environment to file
2026-03-04T19:13:32.906876Z  INFO run_execution_wrapper: execution_wrapper: Enable std log streaming is not specified in executor configuration, default to not stream logs to stdout and stderr
2026-03-04T19:13:32.906885Z  INFO run_execution_wrapper: execution_wrapper: Enable termination signal handling is not specified in executor configuration, default to ignore termination signals
2026-03-04T19:13:32.906893Z  INFO run_execution_wrapper: execution_wrapper: Executor config not provided, certificates will not be updated.
2026-03-04T19:13:32.906924Z  INFO run_execution_wrapper:execution-wrapper::run_service{path_mapping_kind=None error_pattern_json_files_post_execution=None error_pattern_json_file_mid_execution=None enable_std_log_streaming=false skip_user_log_file_generation=false enable_termination_signal_handling=false}: execution_wrapper::service: serving execution service at executor_address=/mnt/azureml/cr/j/c749b838cf1a423daa47d3bc47fcd570/.grpc/executor:0
2026-03-04T19:13:32.907010Z  INFO run_execution_wrapper:execution-wrapper::run_service{path_mapping_kind=None error_pattern_json_files_post_execution=None error_pattern_json_file_mid_execution=None enable_std_log_streaming=false skip_user_log_file_generation=false enable_termination_signal_handling=false}: cr_core: Successfully configured current process to ignore termination signals
2026-03-04T19:13:32.907037Z  INFO run_execution_wrapper:execution-wrapper::run_service{path_mapping_kind=None error_pattern_json_files_post_execution=None error_pattern_json_file_mid_execution=None enable_std_log_streaming=false skip_user_log_file_generation=false enable_termination_signal_handling=false}:serve: grpc_utils::endpoint::serve: serving gRPC service endpoint=Uds("/mnt/azureml/cr/j/c749b838cf1a423daa47d3bc47fcd570/.grpc/executor:0") retry=ExponentialBackoffRetry { retry_delay_secs: 2, delay_factor: 1000, num_retries: 3 }
2026-03-04T19:13:32.918223Z  INFO ExecutionServicer::run: grpc_utils::server: Got grpc request request_name="run" remote_addr=None
2026-03-04T19:13:32.918285Z  INFO ExecutionServicer::run: execution_wrapper::service: file /opt/microsoft/singularity/unasignal/StopUserNode exists: false path=/opt/microsoft/singularity/unasignal/StopUserNode
2026-03-04T19:13:32.918316Z  INFO ExecutionServicer::run:ExecutionServicer::spawn_execution{wait_execution_completion=false}: execution_wrapper::service: spawn_execution request id="ba94181a-2c84-4e4c-bbb1-bfb458870eb4" client_address=Some("/mnt/azureml/cr/j/c749b838cf1a423daa47d3bc47fcd570/.grpc/lifecycler:0")
2026-03-04T19:13:32.918346Z  WARN ExecutionServicer::run:ExecutionServicer::spawn_execution{wait_execution_completion=false}:inject_legacy_env_vars: execution_wrapper::legacy_env_vars: Skip injecting legacy env vars, distributed config is None, setting only the defaults
2026-03-04T19:13:32.918365Z  INFO ExecutionServicer::run:ExecutionServicer::spawn_execution{wait_execution_completion=false}:inject_legacy_env_vars: execution_wrapper::legacy_env_vars: Injecting AZ_BATCHAI_JOB_WORK_DIR=/mnt/azureml/cr/j/c749b838cf1a423daa47d3bc47fcd570/exe/wd working_dir="/mnt/azureml/cr/j/c749b838cf1a423daa47d3bc47fcd570/exe/wd"
2026-03-04T19:13:32.918380Z  INFO ExecutionServicer::run:ExecutionServicer::spawn_execution{wait_execution_completion=false}:inject_legacy_env_vars: execution_wrapper::legacy_env_vars: Injecting AZUREML_PROCESS_NAME=main as default
2026-03-04T19:13:32.918454Z  INFO ExecutionServicer::run:ExecutionServicer::spawn_execution{wait_execution_completion=false}:inject_legacy_env_vars:get_gpu_count: execution_wrapper::common: Get ComputeContext from env success compute_context=ComputeContext { cluster_name: "gpu-t4-cluster", node_id: Literal("tvmps_50b8eabe19f01691a118cfb2035a3f3a72523f3ac8aa0bb5da67b1e4e9b1474b_d"), vm_id: Some("4a139c98-235d-4243-9a08-0477595cf21b"), run_attempt_count: 1, gpu_count: Some(1), vm_size: Some("STANDARD_NC4AS_T4_V3"), readable_cluster_name: Some("gpu-t4-cluster"), vm_priority: Some(Dedicated), use_vnet_or_private_link: false }
2026-03-04T19:13:32.918488Z  INFO ExecutionServicer::run:ExecutionServicer::spawn_execution{wait_execution_completion=false}:inject_legacy_env_vars:get_gpu_count: execution_wrapper::common: close time.busy=93.6µs time.idle=1.72µs
2026-03-04T19:13:32.918507Z  INFO ExecutionServicer::run:ExecutionServicer::spawn_execution{wait_execution_completion=false}:inject_legacy_env_vars:override_dc_env_vars: execution_wrapper::dc_env_vars: Updated env AZUREML_CR_EXECUTOR_CONFIG for spawned process
2026-03-04T19:13:32.918521Z  INFO ExecutionServicer::run:ExecutionServicer::spawn_execution{wait_execution_completion=false}:inject_legacy_env_vars:override_dc_env_vars: execution_wrapper::dc_env_vars: Env var AZUREML_CR_DISTRIBUTED_CONFIG is empty for current process
2026-03-04T19:13:32.918548Z  INFO ExecutionServicer::run:ExecutionServicer::spawn_execution{wait_execution_completion=false}:inject_legacy_env_vars:override_dc_env_vars: execution_wrapper::dc_env_vars: Updated env AZUREML_SERVICE_ENDPOINT for spawned process
2026-03-04T19:13:32.918557Z  INFO ExecutionServicer::run:ExecutionServicer::spawn_execution{wait_execution_completion=false}:inject_legacy_env_vars:override_dc_env_vars: execution_wrapper::dc_env_vars: Updated env AZUREML_SERVICE_CERT_ENDPOINT for spawned process
2026-03-04T19:13:32.918571Z  INFO ExecutionServicer::run:ExecutionServicer::spawn_execution{wait_execution_completion=false}:inject_legacy_env_vars:override_dc_env_vars: execution_wrapper::dc_env_vars: Updated env AZUREML_DISCOVERY_SERVICE_ENDPOINT for spawned process
2026-03-04T19:13:32.918588Z  INFO ExecutionServicer::run:ExecutionServicer::spawn_execution{wait_execution_completion=false}:inject_legacy_env_vars:override_dc_env_vars: execution_wrapper::dc_env_vars: Env var AZUREML_DEV_URL_MLFLOW is empty for current process
2026-03-04T19:13:32.918637Z  INFO ExecutionServicer::run:ExecutionServicer::spawn_execution{wait_execution_completion=false}:inject_legacy_env_vars:override_dc_env_vars: execution_wrapper::dc_env_vars: Updated env AZUREML_RUN_HISTORY_SERVICE_ENDPOINT for spawned process
2026-03-04T19:13:32.918661Z  INFO ExecutionServicer::run:ExecutionServicer::spawn_execution{wait_execution_completion=false}:inject_legacy_env_vars:override_dc_env_vars: execution_wrapper::dc_env_vars: close time.busy=159µs time.idle=1.38µs
2026-03-04T19:13:32.918667Z  INFO ExecutionServicer::run:ExecutionServicer::spawn_execution{wait_execution_completion=false}:inject_legacy_env_vars: execution_wrapper::legacy_env_vars: close time.busy=321µs time.idle=1.74µs
2026-03-04T19:13:32.918682Z  INFO ExecutionServicer::run:ExecutionServicer::spawn_execution{wait_execution_completion=false}: execution_wrapper::infiniband_utils: Is InfiniBand device present: false infiniband_device_path="/dev/infiniband/uverbs0"
2026-03-04T19:13:32.918707Z  INFO ExecutionServicer::run:ExecutionServicer::spawn_execution{wait_execution_completion=false}: execution_wrapper::service: Spawning execution
2026-03-04T19:13:32.921675Z  INFO ExecutionServicer::run:ExecutionServicer::spawn_execution{wait_execution_completion=false}:Execution::parse_commands: execution_wrapper::command_resolvers::shell: Using detected user shell: "/bin/bash" shell="/bin/bash"
2026-03-04T19:13:32.921717Z  INFO ExecutionServicer::run:ExecutionServicer::spawn_execution{wait_execution_completion=false}:Execution::parse_commands: execution_wrapper::execution: close time.busy=2.82ms time.idle=2.21µs
2026-03-04T19:13:32.921972Z  INFO ExecutionServicer::run:ExecutionServicer::spawn_execution{wait_execution_completion=false}:Execution::spawn{wait_execution_completion=false}: execution_wrapper::execution: Spawning target process
2026-03-04T19:13:32.922988Z  INFO ExecutionServicer::run:ExecutionServicer::spawn_execution{wait_execution_completion=false}:Execution::spawn{wait_execution_completion=false}: execution_wrapper::execution: execution process spawned pid=15
2026-03-04T19:13:32.923124Z  INFO execution_wrapper::execution: start waiting for processes execution to complete num_processes=1
2026-03-04T19:13:32.923238Z  INFO Execution::wait_for_completion: execution_wrapper::execution::process_manager: ProcessManagerExecution state changing from PendingExecution to PendingExecution
2026-03-05T00:13:00.113255Z  INFO Execution::wait_for_completion: execution_wrapper::execution::process_manager: ProcessManagerExecution state changing from PendingExecution to ExecutionCompleted
2026-03-05T00:13:00.113327Z  INFO Execution::wait_for_completion: execution_wrapper::execution::process_manager: Start collecting process exit statuses
2026-03-05T00:13:00.113349Z  INFO Execution::wait_for_completion: execution_wrapper::execution::process_manager: Successfully collected the exit status of user process pid=15 process_name=python killed_by_process_manager=false
2026-03-05T00:13:00.113370Z  INFO Execution::wait_for_completion: execution_wrapper::execution::process_manager: Process manager successfully collected the exit statuses of all user processes on current node
2026-03-05T00:13:00.113385Z  INFO Execution::wait_for_completion: execution_wrapper::execution::process_manager: ProcessManagerExecution state changing from ExecutionCompleted to CleanupStreamingTasks
2026-03-05T00:13:00.113401Z  INFO Execution::wait_for_completion: execution_wrapper::execution::process_manager: Start cleaning up execution log streaming tasks
2026-03-05T00:13:00.113410Z  INFO Execution::wait_for_completion: execution_wrapper::execution::process_manager: Process manager successfully aborted all streaming tasks for current execution
2026-03-05T00:13:00.113424Z  INFO Execution::wait_for_completion: execution_wrapper::execution: Gathered execution result for rank 0 process_rank=0 exit_code=0 stderr_path=Some("user_logs/std_log.txt")
2026-03-05T00:13:00.113446Z  INFO Execution::wait_for_completion: execution_wrapper::execution: [wait_for_completion] execution process completed.
2026-03-05T00:13:00.113479Z  WARN Execution::wait_for_completion:ExecutionFinalizer::on_exit:ExecutionFinalizer::complete_execution: grpc_utils::span: failed to inject span context to grpc request
2026-03-05T00:13:00.113498Z  INFO Execution::wait_for_completion:ExecutionFinalizer::on_exit:ExecutionFinalizer::complete_execution:execution-wrapper::connect_to_callback_service: execution_wrapper::service: connecting to callback endpoint: /mnt/azureml/cr/j/c749b838cf1a423daa47d3bc47fcd570/.grpc/lifecycler:0 client_address=/mnt/azureml/cr/j/c749b838cf1a423daa47d3bc47fcd570/.grpc/lifecycler:0
2026-03-05T00:13:00.113600Z  INFO Execution::wait_for_completion:ExecutionFinalizer::on_exit:ExecutionFinalizer::complete_execution:execution-wrapper::connect_to_callback_service:connect: grpc_utils::endpoint::connect: Connecting to gRPC service endpoint=Uds("/mnt/azureml/cr/j/c749b838cf1a423daa47d3bc47fcd570/.grpc/lifecycler:0") retry=FixedIntervalRetry { attempt_timeout_millis: 50, retry_delay_millis: 10, max_duration: 600s }
2026-03-05T00:13:00.113830Z  INFO Execution::wait_for_completion:ExecutionFinalizer::on_exit:ExecutionFinalizer::complete_execution:execution-wrapper::connect_to_callback_service:connect: grpc_utils::endpoint::connect: Successfully connected to gRPC service endpoint=Uds("/mnt/azureml/cr/j/c749b838cf1a423daa47d3bc47fcd570/.grpc/lifecycler:0")
2026-03-05T00:13:00.113861Z  INFO Execution::wait_for_completion:ExecutionFinalizer::on_exit:ExecutionFinalizer::complete_execution:execution-wrapper::connect_to_callback_service:connect: grpc_utils::endpoint::connect: close time.busy=221µs time.idle=43.8µs
2026-03-05T00:13:00.113877Z  INFO Execution::wait_for_completion:ExecutionFinalizer::on_exit:ExecutionFinalizer::complete_execution:execution-wrapper::connect_to_callback_service: execution_wrapper::service: close time.busy=342µs time.idle=39.8µs
2026-03-05T00:13:00.114373Z  INFO Execution::wait_for_completion:ExecutionFinalizer::on_exit:ExecutionFinalizer::complete_execution: execution_wrapper::service: Completed execution id=ba94181a-2c84-4e4c-bbb1-bfb458870eb4
2026-03-05T00:13:00.114411Z  INFO Execution::wait_for_completion:ExecutionFinalizer::on_exit:ExecutionFinalizer::complete_execution: execution_wrapper::service: close time.busy=446µs time.idle=491µs
2026-03-05T00:13:00.114419Z  INFO Execution::wait_for_completion:ExecutionFinalizer::on_exit: execution_wrapper::service: close time.busy=458µs time.idle=496µs
2026-03-05T00:13:00.114425Z  INFO ExecutionServicer::run:ExecutionServicer::spawn_execution{wait_execution_completion=false}:Execution::spawn{wait_execution_completion=false}: execution_wrapper::execution: close time.busy=1.19ms time.idle=17967s
2026-03-05T00:13:00.114430Z  INFO ExecutionServicer::run:ExecutionServicer::spawn_execution{wait_execution_completion=false}: execution_wrapper::service: close time.busy=4.67ms time.idle=17967s
2026-03-05T00:13:00.114434Z  INFO ExecutionServicer::run: execution_wrapper::service: close time.busy=4.77ms time.idle=17967s
2026-03-05T00:13:00.114439Z  INFO Execution::wait_for_completion: execution_wrapper::execution: close time.busy=750µs time.idle=17967s
2026-03-05T00:13:00.114445Z  INFO execution_wrapper::execution: process execution completed
